[ 2017-11-16T10:49:10+08:00 ] ::1 /thinktest/think/User/selec
ERR: 无法加载模块:User

[ 2017-11-16T10:49:13+08:00 ] ::1 /thinktest/think/User/selec
ERR: 无法加载模块:User

[ 2017-11-16T10:49:14+08:00 ] ::1 /thinktest/think/User/selec
ERR: 无法加载模块:User

[ 2017-11-16T10:49:14+08:00 ] ::1 /thinktest/think/User/selec
ERR: 无法加载模块:User

[ 2017-11-16T10:49:14+08:00 ] ::1 /thinktest/think/User/selec
ERR: 无法加载模块:User

[ 2017-11-16T10:49:14+08:00 ] ::1 /thinktest/think/User/selec
ERR: 无法加载模块:User

[ 2017-11-16T14:51:45+08:00 ] ::1 /thinktest/think/User/select
ERR: 无法加载模块:User

[ 2017-11-16T15:07:40+08:00 ] ::1 /thinktest/think/Member/Comment/test
ERR: 无法加载模块:Member

[ 2017-11-16T15:13:50+08:00 ] ::1 /thinktest/think/Controller/Member/Comment/test
ERR: 无法加载模块:Controller

[ 2017-11-16T15:14:04+08:00 ] ::1 /thinktest/think/Comment/test
ERR: 无法加载模块:Comment

[ 2017-11-16T15:22:07+08:00 ] ::1 /thinktest/think/user/test
ERR: 无法加载模块:User

