[ 2017-11-17T09:27:28+08:00 ] ::1 /thinktest/think/User/selec
ERR: 无法加载模块:User

[ 2017-11-17T15:24:20+08:00 ] ::1 /thinktest/think/lang/zh-cn
ERR: 无法加载模块:Lang

[ 2017-11-17T15:29:57+08:00 ] ::1 /thinktest/think/Admin/index
ERR: 无法加载模块:Index

[ 2017-11-17T15:30:08+08:00 ] ::1 /thinktest/think/Admin/Index
ERR: 无法加载模块:Index

[ 2017-11-17T15:32:31+08:00 ] ::1 /thinktest/think/Admin/index
ERR: 无法加载模块:Index

[ 2017-11-17T15:32:43+08:00 ] ::1 /thinktest/think/Admin/Index
ERR: 无法加载模块:Index

[ 2017-11-17T15:34:02+08:00 ] ::1 /thinktest/think/Admin/Index
ERR: 无法加载模块:Index

[ 2017-11-17T15:34:12+08:00 ] ::1 /thinktest/think/Admin/index
ERR: 无法加载模块:Index

[ 2017-11-17T15:35:18+08:00 ] ::1 /thinktest/think/Admin/Index
ERR: 无法加载模块:Index

[ 2017-11-17T15:35:24+08:00 ] ::1 /thinktest/think/Admin/index
ERR: 无法加载模块:Index

[ 2017-11-17T15:38:10+08:00 ] ::1 /thinktest/think/Admin/test
ERR: 无法加载模块:Test

[ 2017-11-17T15:38:42+08:00 ] ::1 /thinktest/think/Admin/test
ERR: 无法加载模块:Test

[ 2017-11-17T15:38:43+08:00 ] ::1 /thinktest/think/Admin/test
ERR: 无法加载模块:Test

[ 2017-11-17T15:38:43+08:00 ] ::1 /thinktest/think/Admin/test
ERR: 无法加载模块:Test

[ 2017-11-17T15:38:43+08:00 ] ::1 /thinktest/think/Admin/test
ERR: 无法加载模块:Test

[ 2017-11-17T15:39:35+08:00 ] ::1 /thinktest/think/admin.php/Index/test
ERR: 无法加载模块:Index

[ 2017-11-17T15:40:15+08:00 ] ::1 /thinktest/think/admin.php/Index/test
ERR: 无法加载模块:Index

[ 2017-11-17T15:40:16+08:00 ] ::1 /thinktest/think/admin.php/Index/test
ERR: 无法加载模块:Index

