[ 2017-11-16T10:32:31+08:00 ] ::1 /thinktest/think/u
ERR: 无法加载控制器:U

[ 2017-11-16T10:33:51+08:00 ] ::1 /thinktest/think/User/selec
ERR: 无法加载控制器:User

[ 2017-11-16T10:33:54+08:00 ] ::1 /thinktest/think/User/selec
ERR: 无法加载控制器:User

[ 2017-11-16T10:35:30+08:00 ] ::1 /thinktest/think/User/selec
ERR: 无法加载控制器:User

[ 2017-11-16T10:35:32+08:00 ] ::1 /thinktest/think/User/selec
ERR: 无法加载控制器:User

[ 2017-11-16T10:35:50+08:00 ] ::1 /thinktest/think/User/selec
ERR: 无法加载控制器:User

[ 2017-11-16T10:35:51+08:00 ] ::1 /thinktest/think/User/selec
ERR: 无法加载控制器:User

[ 2017-11-16T10:36:22+08:00 ] ::1 /thinktest/think/selec
ERR: 无法加载控制器:Selec

[ 2017-11-16T10:36:34+08:00 ] ::1 /thinktest/think/
ERR: 无法加载控制器:Index

[ 2017-11-16T10:36:42+08:00 ] ::1 /thinktest/think/
ERR: 无法加载控制器:Index

[ 2017-11-16T10:37:55+08:00 ] ::1 /thinktest/think/u
ERR: 无法加载控制器:U

[ 2017-11-16T10:38:29+08:00 ] ::1 /thinktest/think/U
ERR: 无法加载控制器:U

[ 2017-11-16T10:41:30+08:00 ] ::1 /thinktest/think/U
ERR: 无法加载控制器:U

[ 2017-11-16T10:41:35+08:00 ] ::1 /thinktest/think/u
ERR: 无法加载控制器:U

[ 2017-11-16T10:42:08+08:00 ] ::1 /thinktest/think/u
ERR: 无法加载控制器:U

[ 2017-11-16T10:42:08+08:00 ] ::1 /thinktest/think/u
ERR: 无法加载控制器:U

[ 2017-11-16T10:42:09+08:00 ] ::1 /thinktest/think/u
ERR: 无法加载控制器:U

[ 2017-11-16T10:42:09+08:00 ] ::1 /thinktest/think/u
ERR: 无法加载控制器:U

[ 2017-11-16T10:43:15+08:00 ] ::1 /thinktest/think/u
ERR: 无法加载控制器:U

[ 2017-11-16T10:45:39+08:00 ] ::1 /thinktest/think/u
ERR: 无法加载控制器:U

[ 2017-11-16T10:45:39+08:00 ] ::1 /thinktest/think/u
ERR: 无法加载控制器:U

[ 2017-11-16T10:45:51+08:00 ] ::1 /thinktest/think/User/u
ERR: 非法操作:u

[ 2017-11-16T10:46:10+08:00 ] ::1 /thinktest/think/index.php/u
ERR: 无法加载控制器:U

[ 2017-11-16T10:47:39+08:00 ] ::1 /thinktest/think/User/user
ERR: 无法加载控制器:User

[ 2017-11-16T10:47:46+08:00 ] ::1 /thinktest/think/u
ERR: 无法加载控制器:U

[ 2017-11-16T10:51:38+08:00 ] ::1 /thinktest/think/User/selec
ERR: 无法加载控制器:User

[ 2017-11-16T10:53:39+08:00 ] ::1 /thinktest/think/u
ERR: 无法加载控制器:U

[ 2017-11-16T10:55:26+08:00 ] ::1 /thinktest/think/u
ERR: 无法加载控制器:U

[ 2017-11-16T11:03:51+08:00 ] ::1 /thinktest/think/ssd
ERR: 无法加载控制器:Ssd

[ 2017-11-16T13:30:28+08:00 ] ::1 /thinktest/think/u
ERR: 无法加载控制器:U

[ 2017-11-16T13:30:40+08:00 ] ::1 /thinktest/think/u
ERR: 无法加载控制器:U

[ 2017-11-16T13:30:41+08:00 ] ::1 /thinktest/think/u
ERR: 无法加载控制器:U

[ 2017-11-16T13:30:41+08:00 ] ::1 /thinktest/think/u
ERR: 无法加载控制器:U

[ 2017-11-16T13:30:43+08:00 ] ::1 /thinktest/think/u
ERR: 无法加载控制器:U

[ 2017-11-16T13:33:44+08:00 ] ::1 /thinktest/think/u
ERR: 无法加载控制器:U

[ 2017-11-16T13:33:54+08:00 ] ::1 /thinktest/think/Home/u
ERR: 无法加载控制器:U

[ 2017-11-16T13:34:17+08:00 ] ::1 /thinktest/think/Home/u
ERR: 无法加载控制器:U

[ 2017-11-16T13:34:23+08:00 ] ::1 /thinktest/think/u
ERR: 无法加载控制器:U

[ 2017-11-16T13:36:52+08:00 ] ::1 /thinktest/think/User/save
ERR: 非法操作:save

[ 2017-11-16T13:37:05+08:00 ] ::1 /thinktest/think/User/save
ERR: 非法操作:save

[ 2017-11-16T13:42:32+08:00 ] ::1 /thinktest/think/U
ERR: 无法加载控制器:U

[ 2017-11-16T13:42:38+08:00 ] ::1 /thinktest/think/u
ERR: 无法加载控制器:U

[ 2017-11-16T13:42:47+08:00 ] ::1 /thinktest/think/u
ERR: 无法加载控制器:U

[ 2017-11-16T13:42:49+08:00 ] ::1 /thinktest/think/u
ERR: 无法加载控制器:U

[ 2017-11-16T13:43:02+08:00 ] ::1 /thinktest/think/u
ERR: 无法加载控制器:U

[ 2017-11-16T13:43:03+08:00 ] ::1 /thinktest/think/u
ERR: 无法加载控制器:U

[ 2017-11-16T13:43:03+08:00 ] ::1 /thinktest/think/u
ERR: 无法加载控制器:U

[ 2017-11-16T13:43:04+08:00 ] ::1 /thinktest/think/u
ERR: 无法加载控制器:U

[ 2017-11-16T13:43:10+08:00 ] ::1 /thinktest/think/u
ERR: 无法加载控制器:U

[ 2017-11-16T13:43:10+08:00 ] ::1 /thinktest/think/u
ERR: 无法加载控制器:U

[ 2017-11-16T13:43:10+08:00 ] ::1 /thinktest/think/u
ERR: 无法加载控制器:U

[ 2017-11-16T13:43:10+08:00 ] ::1 /thinktest/think/u
ERR: 无法加载控制器:U

[ 2017-11-16T13:43:10+08:00 ] ::1 /thinktest/think/u
ERR: 无法加载控制器:U

[ 2017-11-16T13:43:11+08:00 ] ::1 /thinktest/think/u
ERR: 无法加载控制器:U

[ 2017-11-16T13:43:11+08:00 ] ::1 /thinktest/think/u
ERR: 无法加载控制器:U

[ 2017-11-16T13:43:22+08:00 ] ::1 /thinktest/think/u
ERR: 无法加载控制器:U

[ 2017-11-16T13:43:52+08:00 ] ::1 /thinktest/think/u
ERR: 无法加载控制器:U

[ 2017-11-16T14:10:23+08:00 ] ::1 /thinktest/think/u
ERR: 无法加载控制器:U

[ 2017-11-16T14:10:32+08:00 ] ::1 /thinktest/think/%20my
ERR: 无法加载控制器: my

[ 2017-11-16T14:10:41+08:00 ] ::1 /thinktest/think/my
ERR: 无法加载控制器:My

[ 2017-11-16T14:11:22+08:00 ] ::1 /thinktest/think/my
ERR: 无法加载控制器:My

[ 2017-11-16T14:11:42+08:00 ] ::1 /thinktest/think/my
ERR: 无法加载控制器:My

[ 2017-11-16T14:12:39+08:00 ] ::1 /thinktest/think/my
ERR: 无法加载控制器:My

[ 2017-11-16T14:13:05+08:00 ] ::1 /thinktest/think/my
ERR: 无法加载控制器:My

[ 2017-11-16T14:18:58+08:00 ] ::1 /thinktest/think/User/index%EF%BC%9Fid=
ERR: 非法操作:index？id=

[ 2017-11-16T14:19:04+08:00 ] ::1 /thinktest/think/User/index%EF%BC%9Fid=5
ERR: 非法操作:index？id=5

[ 2017-11-16T14:22:20+08:00 ] ::1 /thinktest/think/my
ERR: 无法加载控制器:My

[ 2017-11-16T14:24:02+08:00 ] ::1 /thinktest/think/my
ERR: 无法加载控制器:My

[ 2017-11-16T14:24:03+08:00 ] ::1 /thinktest/think/my
ERR: 无法加载控制器:My

[ 2017-11-16T14:24:03+08:00 ] ::1 /thinktest/think/my
ERR: 无法加载控制器:My

[ 2017-11-16T14:24:03+08:00 ] ::1 /thinktest/think/my
ERR: 无法加载控制器:My

[ 2017-11-16T14:24:04+08:00 ] ::1 /thinktest/think/my
ERR: 无法加载控制器:My

[ 2017-11-16T14:24:04+08:00 ] ::1 /thinktest/think/my
ERR: 无法加载控制器:My

[ 2017-11-16T14:24:16+08:00 ] ::1 /thinktest/think/my
ERR: 无法加载控制器:My

[ 2017-11-16T14:24:31+08:00 ] ::1 /thinktest/think/my
ERR: 无法加载控制器:My

[ 2017-11-16T14:24:32+08:00 ] ::1 /thinktest/think/my
ERR: 无法加载控制器:My

[ 2017-11-16T14:24:32+08:00 ] ::1 /thinktest/think/my
ERR: 无法加载控制器:My

[ 2017-11-16T14:24:33+08:00 ] ::1 /thinktest/think/my
ERR: 无法加载控制器:My

[ 2017-11-16T14:24:33+08:00 ] ::1 /thinktest/think/my
ERR: 无法加载控制器:My

[ 2017-11-16T14:25:49+08:00 ] ::1 /thinktest/think/u
ERR: 无法加载控制器:U

[ 2017-11-16T14:26:08+08:00 ] ::1 /thinktest/think/u
ERR: 无法加载控制器:U

[ 2017-11-16T14:26:09+08:00 ] ::1 /thinktest/think/u
ERR: 无法加载控制器:U

[ 2017-11-16T14:26:09+08:00 ] ::1 /thinktest/think/u
ERR: 无法加载控制器:U

[ 2017-11-16T14:26:09+08:00 ] ::1 /thinktest/think/u
ERR: 无法加载控制器:U

[ 2017-11-16T14:26:09+08:00 ] ::1 /thinktest/think/u
ERR: 无法加载控制器:U

[ 2017-11-16T14:26:17+08:00 ] ::1 /thinktest/think/u
ERR: 无法加载控制器:U

[ 2017-11-16T14:32:01+08:00 ] ::1 /thinktest/think/u/id/0
ERR: 无法加载控制器:U

[ 2017-11-16T14:32:40+08:00 ] ::1 /thinktest/think/u/id/0
ERR: 无法加载控制器:U

[ 2017-11-16T14:32:40+08:00 ] ::1 /thinktest/think/u/id/0
ERR: 无法加载控制器:U

[ 2017-11-16T14:32:41+08:00 ] ::1 /thinktest/think/u/id/0
ERR: 无法加载控制器:U

[ 2017-11-16T14:34:59+08:00 ] ::1 /thinktest/think/u
ERR: 无法加载控制器:U

[ 2017-11-16T14:35:02+08:00 ] ::1 /thinktest/think/u
ERR: 无法加载控制器:U

[ 2017-11-16T14:35:12+08:00 ] ::1 /thinktest/think/u
ERR: 无法加载控制器:U

[ 2017-11-16T14:35:12+08:00 ] ::1 /thinktest/think/u
ERR: 无法加载控制器:U

[ 2017-11-16T14:35:12+08:00 ] ::1 /thinktest/think/u
ERR: 无法加载控制器:U

[ 2017-11-16T14:35:20+08:00 ] ::1 /thinktest/think/u
ERR: 无法加载控制器:U

[ 2017-11-16T14:35:21+08:00 ] ::1 /thinktest/think/u
ERR: 无法加载控制器:U

[ 2017-11-16T14:35:21+08:00 ] ::1 /thinktest/think/u
ERR: 无法加载控制器:U

[ 2017-11-16T14:35:21+08:00 ] ::1 /thinktest/think/u
ERR: 无法加载控制器:U

[ 2017-11-16T14:35:21+08:00 ] ::1 /thinktest/think/u
ERR: 无法加载控制器:U

[ 2017-11-16T14:35:22+08:00 ] ::1 /thinktest/think/u
ERR: 无法加载控制器:U

[ 2017-11-16T14:35:22+08:00 ] ::1 /thinktest/think/u
ERR: 无法加载控制器:U

[ 2017-11-16T14:42:07+08:00 ] ::1 /thinktest/think/u
ERR: 无法加载控制器:U

[ 2017-11-16T14:44:25+08:00 ] ::1 /thinktest/think/u
ERR: 无法加载控制器:U

[ 2017-11-16T15:04:52+08:00 ] ::1 /thinktest/think/Home/Comment/test
ERR: 无法加载控制器:Comment

[ 2017-11-16T15:06:07+08:00 ] ::1 /thinktest/think/Home/Comment/test
ERR: 无法加载控制器:Comment/test

[ 2017-11-16T15:06:10+08:00 ] ::1 /thinktest/think/Home/User/test
ERR: 无法加载控制器:User/test

[ 2017-11-16T15:06:13+08:00 ] ::1 /thinktest/think/Home/Comment/test
ERR: 无法加载控制器:Comment/test

[ 2017-11-16T15:06:39+08:00 ] ::1 /thinktest/think/Home/Comment/test
ERR: 无法加载控制器:Comment/test

[ 2017-11-16T15:06:40+08:00 ] ::1 /thinktest/think/Home/Comment/test
ERR: 无法加载控制器:Comment/test

[ 2017-11-16T15:06:41+08:00 ] ::1 /thinktest/think/Home/Comment/test
ERR: 无法加载控制器:Comment/test

[ 2017-11-16T15:07:49+08:00 ] ::1 /thinktest/think/Home/Member/Comment/test
ERR: 无法加载控制器:Member/Comment

[ 2017-11-16T15:57:43+08:00 ] ::1 /thinktest/think/Home/City/beijing
ERR: 无法加载控制器:City

[ 2017-11-16T15:59:01+08:00 ] ::1 /thinktest/think/Home/City/beijing
ERR: 无法加载控制器:City

[ 2017-11-16T15:59:02+08:00 ] ::1 /thinktest/think/Home/City/beijing
ERR: 无法加载控制器:City

[ 2017-11-16T15:59:05+08:00 ] ::1 /thinktest/think/Home/City
ERR: 无法加载控制器:City

[ 2017-11-16T15:59:13+08:00 ] ::1 /thinktest/think/Home/city
ERR: 无法加载控制器:City

[ 2017-11-16T15:59:23+08:00 ] ::1 /thinktest/think/Home/city
ERR: 无法加载控制器:City

[ 2017-11-16T16:36:56+08:00 ] ::1 /thinktest/think/Home/User/test
ERR: 模板不存在:./Application/Home/View/Public/success.html

[ 2017-11-16T16:37:40+08:00 ] ::1 /thinktest/think/Home/User/test
ERR: 模板不存在:./Application/Home/View/Public/success.html

[ 2017-11-16T16:39:32+08:00 ] ::1 /thinktest/think/Home/User/test
ERR: 模板不存在:./Application/Home/View/Public/success.html

[ 2017-11-16T16:46:38+08:00 ] ::1 /thinktest/think/index.php/home/user/all/0/id%3D%3E5.html
ERR: 参数错误或者未定义:id

[ 2017-11-16T16:46:45+08:00 ] ::1 /thinktest/think/index.php/home/user/all/0/id%3D%3E5.html
ERR: 参数错误或者未定义:id

